<testsuites id="" name="" tests="87" failures="8" skipped="0" errors="0" time="87.208522">
<testsuite name="api/company.spec.ts" timestamp="2026-03-31T04:02:15.935Z" hostname="chromium" tests="10" failures="0" skipped="0" time="0.354" errors="0">
<testcase name="Company API E2E › GET /api/companies - empty state returns empty array" classname="api/company.spec.ts" time="0.214">
</testcase>
<testcase name="Company API E2E › POST /api/companies - create new company" classname="api/company.spec.ts" time="0.019">
</testcase>
<testcase name="Company API E2E › POST /api/companies - create second company" classname="api/company.spec.ts" time="0.011">
</testcase>
<testcase name="Company API E2E › GET /api/companies - returns both companies" classname="api/company.spec.ts" time="0.007">
</testcase>
<testcase name="Company API E2E › PATCH /api/companies/{id}/activate - activates company" classname="api/company.spec.ts" time="0.031">
</testcase>
<testcase name="Company API E2E › PATCH /api/companies/{id}/activate - only one company can be active (partial unique index)" classname="api/company.spec.ts" time="0.015">
</testcase>
<testcase name="Company API E2E › POST /api/companies - blank name returns 400" classname="api/company.spec.ts" time="0.022">
</testcase>
<testcase name="Company API E2E › DELETE /api/companies/{id} - removes company" classname="api/company.spec.ts" time="0.01">
</testcase>
<testcase name="Company API E2E › GET /api/companies - deleted company no longer in list" classname="api/company.spec.ts" time="0.009">
</testcase>
<testcase name="Company API E2E › PATCH /api/companies/{id}/activate - deleted company returns 404" classname="api/company.spec.ts" time="0.016">
</testcase>
</testsuite>
<testsuite name="api/convention.spec.ts" timestamp="2026-03-31T04:02:15.935Z" hostname="chromium" tests="8" failures="0" skipped="0" time="0.179" errors="0">
<testcase name="Convention API E2E › GET /api/conventions - returns list" classname="api/convention.spec.ts" time="0.017">
</testcase>
<testcase name="Convention API E2E › POST /api/conventions - create convention" classname="api/convention.spec.ts" time="0.023">
</testcase>
<testcase name="Convention API E2E › GET /api/conventions/{id} - retrieve created convention" classname="api/convention.spec.ts" time="0.016">
</testcase>
<testcase name="Convention API E2E › PUT /api/conventions/{id} - update convention" classname="api/convention.spec.ts" time="0.01">
</testcase>
<testcase name="Convention API E2E › POST /api/conventions - validation: blank term returns 400" classname="api/convention.spec.ts" time="0.006">
</testcase>
<testcase name="Convention API E2E › POST /api/conventions - validation: blank definition returns 400" classname="api/convention.spec.ts" time="0.007">
</testcase>
<testcase name="Convention API E2E › DELETE /api/conventions/{id} - delete convention" classname="api/convention.spec.ts" time="0.09">
</testcase>
<testcase name="Convention API E2E › GET /api/conventions/{id} - deleted convention returns 404" classname="api/convention.spec.ts" time="0.01">
</testcase>
</testsuite>
<testsuite name="api/feature.spec.ts" timestamp="2026-03-31T04:02:15.935Z" hostname="chromium" tests="9" failures="0" skipped="0" time="0.129" errors="0">
<testcase name="TestCase API E2E › GET /api/test-cases?productId={id} - empty list" classname="api/feature.spec.ts" time="0.008">
</testcase>
<testcase name="TestCase API E2E › POST /api/test-cases - create test case with path" classname="api/feature.spec.ts" time="0.013">
</testcase>
<testcase name="TestCase API E2E › POST /api/test-cases - create second test case" classname="api/feature.spec.ts" time="0.009">
</testcase>
<testcase name="TestCase API E2E › GET /api/test-cases?productId={id} - returns both" classname="api/feature.spec.ts" time="0.011">
</testcase>
<testcase name="TestCase API E2E › PUT /api/test-cases/{id} - updates test case" classname="api/feature.spec.ts" time="0.011">
</testcase>
<testcase name="TestCase API E2E › POST /api/test-cases - missing title returns 400" classname="api/feature.spec.ts" time="0.02">
</testcase>
<testcase name="TestCase API E2E › DELETE /api/test-cases/{id} - removes test case" classname="api/feature.spec.ts" time="0.03">
</testcase>
<testcase name="TestCase API E2E › GET /api/test-cases?productId={id} - one remains" classname="api/feature.spec.ts" time="0.01">
</testcase>
<testcase name="TestCase API E2E › DELETE /api/products/{id} - cascades delete to test cases" classname="api/feature.spec.ts" time="0.017">
</testcase>
</testsuite>
<testsuite name="api/kb.spec.ts" timestamp="2026-03-31T04:02:15.935Z" hostname="chromium" tests="8" failures="1" skipped="0" time="0.22" errors="0">
<testcase name="Knowledge Base API E2E › GET /api/kb - returns list" classname="api/kb.spec.ts" time="0.063">
<failure message="kb.spec.ts:19:7 GET /api/kb - returns list" type="FAILURE">
<![CDATA[  [chromium] › api/kb.spec.ts:19:7 › Knowledge Base API E2E › GET /api/kb - returns list ───────────

    Error: expect(received).toBe(expected) // Object.is equality

    Expected: 200
    Received: 500

      19 |   test('GET /api/kb - returns list', async () => {
      20 |     const response = await request.get('/api/kb');
    > 21 |     expect(response.status()).toBe(200);
         |                               ^
      22 |     const body = await response.json() as any;
      23 |     expect(body.success).toBe(true);
      24 |     expect(Array.isArray(body.data)).toBe(true);
        at /Users/yeongmi/dev/qa/my-atlas/qa/api/kb.spec.ts:21:31
]]>
</failure>
</testcase>
<testcase name="Knowledge Base API E2E › POST /api/kb - create manual KB entry" classname="api/kb.spec.ts" time="0.058">
</testcase>
<testcase name="Knowledge Base API E2E › GET /api/kb/{id} - retrieve created entry" classname="api/kb.spec.ts" time="0.015">
</testcase>
<testcase name="Knowledge Base API E2E › PUT /api/kb/{id} - update entry" classname="api/kb.spec.ts" time="0.018">
</testcase>
<testcase name="Knowledge Base API E2E › POST /api/kb - validation: blank title returns 400" classname="api/kb.spec.ts" time="0.007">
</testcase>
<testcase name="Knowledge Base API E2E › GET /api/kb/jobs - returns job list" classname="api/kb.spec.ts" time="0.016">
</testcase>
<testcase name="Knowledge Base API E2E › DELETE /api/kb/{id} - delete entry" classname="api/kb.spec.ts" time="0.033">
</testcase>
<testcase name="Knowledge Base API E2E › GET /api/kb/{id} - deleted entry returns 404" classname="api/kb.spec.ts" time="0.01">
</testcase>
</testsuite>
<testsuite name="api/product.spec.ts" timestamp="2026-03-31T04:02:15.935Z" hostname="chromium" tests="10" failures="0" skipped="0" time="0.164" errors="0">
<testcase name="Product API E2E › GET /api/products?companyId={id} - empty product list" classname="api/product.spec.ts" time="0.014">
</testcase>
<testcase name="Product API E2E › POST /api/products - create WEB product" classname="api/product.spec.ts" time="0.019">
</testcase>
<testcase name="Product API E2E › POST /api/products - create MOBILE product" classname="api/product.spec.ts" time="0.023">
</testcase>
<testcase name="Product API E2E › GET /api/products?companyId={id} - returns both products" classname="api/product.spec.ts" time="0.012">
</testcase>
<testcase name="Product API E2E › PUT /api/products/{id} - updates product" classname="api/product.spec.ts" time="0.043">
</testcase>
<testcase name="Product API E2E › GET /api/products?companyId={id} - reflects updated product" classname="api/product.spec.ts" time="0.014">
</testcase>
<testcase name="Product API E2E › POST /api/products - missing name returns 400" classname="api/product.spec.ts" time="0.007">
</testcase>
<testcase name="Product API E2E › DELETE /api/products/{id} - removes product" classname="api/product.spec.ts" time="0.011">
</testcase>
<testcase name="Product API E2E › GET /api/products?companyId={id} - only one product remains" classname="api/product.spec.ts" time="0.008">
</testcase>
<testcase name="Product API E2E › DELETE /api/companies/{id} - cascades delete to products" classname="api/product.spec.ts" time="0.013">
</testcase>
</testsuite>
<testsuite name="api/segment.spec.ts" timestamp="2026-03-31T04:02:15.935Z" hostname="chromium" tests="7" failures="0" skipped="0" time="0.131" errors="0">
<testcase name="Segment API E2E › GET /api/segments?productId={id} - empty segment list" classname="api/segment.spec.ts" time="0.008">
</testcase>
<testcase name="Segment API E2E › POST /api/segments - create root segment" classname="api/segment.spec.ts" time="0.009">
</testcase>
<testcase name="Segment API E2E › POST /api/segments - create child segment" classname="api/segment.spec.ts" time="0.01">
</testcase>
<testcase name="Segment API E2E › GET /api/segments?productId={id} - returns both segments" classname="api/segment.spec.ts" time="0.007">
</testcase>
<testcase name="Segment API E2E › PUT /api/segments/{id} - update segment name" classname="api/segment.spec.ts" time="0.008">
</testcase>
<testcase name="Segment API E2E › POST + PATCH /api/segments - reparent segment" classname="api/segment.spec.ts" time="0.063">
</testcase>
<testcase name="Segment API E2E › DELETE /api/segments/{id} - delete root cascades children" classname="api/segment.spec.ts" time="0.026">
</testcase>
</testsuite>
<testsuite name="api/senior-faq.spec.ts" timestamp="2026-03-31T04:02:15.935Z" hostname="chromium" tests="8" failures="1" skipped="0" time="0.129" errors="0">
<testcase name="Senior FAQ API E2E › GET /api/senior/faq - returns list" classname="api/senior-faq.spec.ts" time="0.011">
<failure message="senior-faq.spec.ts:19:7 GET /api/senior/faq - returns list" type="FAILURE">
<![CDATA[  [chromium] › api/senior-faq.spec.ts:19:7 › Senior FAQ API E2E › GET /api/senior/faq - returns list 

    Error: expect(received).toBe(expected) // Object.is equality

    Expected: 200
    Received: 500

      19 |   test('GET /api/senior/faq - returns list', async () => {
      20 |     const response = await request.get('/api/senior/faq');
    > 21 |     expect(response.status()).toBe(200);
         |                               ^
      22 |     const body = await response.json() as any;
      23 |     expect(body.success).toBe(true);
      24 |     expect(Array.isArray(body.data)).toBe(true);
        at /Users/yeongmi/dev/qa/my-atlas/qa/api/senior-faq.spec.ts:21:31
]]>
</failure>
</testcase>
<testcase name="Senior FAQ API E2E › POST /api/senior/faq - create FAQ" classname="api/senior-faq.spec.ts" time="0.047">
</testcase>
<testcase name="Senior FAQ API E2E › GET /api/senior/faq/{id} - retrieve created FAQ" classname="api/senior-faq.spec.ts" time="0.013">
</testcase>
<testcase name="Senior FAQ API E2E › PUT /api/senior/faq/{id} - update FAQ" classname="api/senior-faq.spec.ts" time="0.015">
</testcase>
<testcase name="Senior FAQ API E2E › POST /api/senior/faq - validation: blank title returns 400" classname="api/senior-faq.spec.ts" time="0.006">
</testcase>
<testcase name="Senior FAQ API E2E › POST /api/senior/faq - validation: blank content returns 400" classname="api/senior-faq.spec.ts" time="0.008">
</testcase>
<testcase name="Senior FAQ API E2E › DELETE /api/senior/faq/{id} - delete FAQ" classname="api/senior-faq.spec.ts" time="0.023">
</testcase>
<testcase name="Senior FAQ API E2E › GET /api/senior/faq/{id} - deleted FAQ returns 404" classname="api/senior-faq.spec.ts" time="0.006">
</testcase>
</testsuite>
<testsuite name="ui/company-panel.spec.ts" timestamp="2026-03-31T04:02:15.935Z" hostname="chromium" tests="7" failures="0" skipped="0" time="7.327" errors="0">
<testcase name="Company List Page › should display Companies heading on page load" classname="ui/company-panel.spec.ts" time="1.227">
</testcase>
<testcase name="Company List Page › should add a company via modal" classname="ui/company-panel.spec.ts" time="1.043">
</testcase>
<testcase name="Company List Page › should activate company and show Active badge" classname="ui/company-panel.spec.ts" time="1.075">
</testcase>
<testcase name="Company List Page › should delete company via confirm dialog" classname="ui/company-panel.spec.ts" time="1.059">
</testcase>
<testcase name="Company List Page › should navigate to products on company click" classname="ui/company-panel.spec.ts" time="1.101">
</testcase>
<testcase name="Company List Page › should show search bar and sort dropdown" classname="ui/company-panel.spec.ts" time="0.912">
</testcase>
<testcase name="Company List Page › should show Add New card" classname="ui/company-panel.spec.ts" time="0.91">
</testcase>
</testsuite>
<testsuite name="ui/feature-panel.spec.ts" timestamp="2026-03-31T04:02:15.935Z" hostname="chromium" tests="6" failures="0" skipped="0" time="5.952" errors="0">
<testcase name="Test Case Page › should display empty tree state with Root Path button" classname="ui/feature-panel.spec.ts" time="0.938">
</testcase>
<testcase name="Test Case Page › should display test cases created via API" classname="ui/feature-panel.spec.ts" time="0.967">
</testcase>
<testcase name="Test Case Page › should show segments in tree view" classname="ui/feature-panel.spec.ts" time="0.938">
</testcase>
<testcase name="Test Case Page › should delete a test case via confirm dialog" classname="ui/feature-panel.spec.ts" time="1.001">
</testcase>
<testcase name="Test Case Page › should show path on test case card" classname="ui/feature-panel.spec.ts" time="0.92">
</testcase>
<testcase name="Test Case Page › should select segment and add test case via modal" classname="ui/feature-panel.spec.ts" time="1.188">
</testcase>
</testsuite>
<testsuite name="ui/product-panel.spec.ts" timestamp="2026-03-31T04:02:15.935Z" hostname="chromium" tests="6" failures="0" skipped="0" time="5.764" errors="0">
<testcase name="Product List Page › should show search bar, sort dropdown, and Add New card" classname="ui/product-panel.spec.ts" time="0.937">
</testcase>
<testcase name="Product List Page › should add a WEB product via modal" classname="ui/product-panel.spec.ts" time="0.993">
</testcase>
<testcase name="Product List Page › should display products created via API" classname="ui/product-panel.spec.ts" time="0.913">
</testcase>
<testcase name="Product List Page › should delete product via confirm dialog" classname="ui/product-panel.spec.ts" time="0.953">
</testcase>
<testcase name="Product List Page › should navigate to test cases on product click" classname="ui/product-panel.spec.ts" time="1.055">
</testcase>
<testcase name="Product List Page › should show empty state when no products exist" classname="ui/product-panel.spec.ts" time="0.913">
</testcase>
</testsuite>
<testsuite name="ui/senior.spec.ts" timestamp="2026-03-31T04:02:15.935Z" hostname="chromium" tests="8" failures="6" skipped="0" time="55.092" errors="0">
<testcase name="Senior Page › should display My Senior heading on page load" classname="ui/senior.spec.ts" time="0.325">
</testcase>
<testcase name="Senior Page › should show FAQ view as default entry" classname="ui/senior.spec.ts" time="5.576">
<failure message="senior.spec.ts:15:7 should show FAQ view as default entry" type="FAILURE">
<![CDATA[  [chromium] › ui/senior.spec.ts:15:7 › Senior Page › should show FAQ view as default entry ────────

    Error: expect(locator).toBeVisible() failed

    Locator: locator('input[placeholder*="FAQ"]')
    Expected: visible
    Timeout: 5000ms
    Error: element(s) not found

    Call log:
      - Expect "toBeVisible" with timeout 5000ms
      - waiting for locator('input[placeholder*="FAQ"]')


      20 |     await expect(page.getByRole('button', { name: /Chat/ })).toBeVisible();
      21 |     // Search bar should be visible
    > 22 |     await expect(page.locator('input[placeholder*="FAQ"]')).toBeVisible();
         |                                                             ^
      23 |   });
      24 |
      25 |   // --- View navigation ---
        at /Users/yeongmi/dev/qa/my-atlas/qa/ui/senior.spec.ts:22:61

    attachment #1: screenshot (image/png) ──────────────────────────────────────────────────────────
    test-results/ui-senior-Senior-Page-should-show-FAQ-view-as-default-entry-chromium/test-failed-1.png
    ────────────────────────────────────────────────────────────────────────────────────────────────

    attachment #2: video (video/webm) ──────────────────────────────────────────────────────────────
    test-results/ui-senior-Senior-Page-should-show-FAQ-view-as-default-entry-chromium/video.webm
    ────────────────────────────────────────────────────────────────────────────────────────────────

    Error Context: test-results/ui-senior-Senior-Page-should-show-FAQ-view-as-default-entry-chromium/error-context.md
]]>
</failure>
<system-out>
<![CDATA[
[[ATTACHMENT|test-results/ui-senior-Senior-Page-should-show-FAQ-view-as-default-entry-chromium/test-failed-1.png]]

[[ATTACHMENT|test-results/ui-senior-Senior-Page-should-show-FAQ-view-as-default-entry-chromium/video.webm]]

[[ATTACHMENT|test-results/ui-senior-Senior-Page-should-show-FAQ-view-as-default-entry-chromium/error-context.md]]
]]>
</system-out>
</testcase>
<testcase name="Senior Page › should switch to Chat view when Chat button clicked" classname="ui/senior.spec.ts" time="0.459">
</testcase>
<testcase name="Senior Page › should switch to KB Management view when KB button clicked" classname="ui/senior.spec.ts" time="10.674">
<failure message="senior.spec.ts:36:7 should switch to KB Management view when KB button clicked" type="FAILURE">
<![CDATA[  [chromium] › ui/senior.spec.ts:36:7 › Senior Page › should switch to KB Management view when KB button clicked 

    TimeoutError: locator.click: Timeout 10000ms exceeded.
    Call log:
      - waiting for getByRole('button', { name: 'KB' })


      35 |
      36 |   test('should switch to KB Management view when KB button clicked', async ({ page }) => {
    > 37 |     await page.getByRole('button', { name: 'KB' }).click();
         |                                                    ^
      38 |
      39 |     await expect(page.getByRole('button', { name: 'KB Articles' })).toBeVisible();
      40 |     await expect(page.getByRole('button', { name: 'Company Features' })).toBeVisible();
        at /Users/yeongmi/dev/qa/my-atlas/qa/ui/senior.spec.ts:37:52

    attachment #1: screenshot (image/png) ──────────────────────────────────────────────────────────
    test-results/ui-senior-Senior-Page-shou-e0b01-view-when-KB-button-clicked-chromium/test-failed-1.png
    ────────────────────────────────────────────────────────────────────────────────────────────────

    attachment #2: video (video/webm) ──────────────────────────────────────────────────────────────
    test-results/ui-senior-Senior-Page-shou-e0b01-view-when-KB-button-clicked-chromium/video.webm
    ────────────────────────────────────────────────────────────────────────────────────────────────

    Error Context: test-results/ui-senior-Senior-Page-shou-e0b01-view-when-KB-button-clicked-chromium/error-context.md
]]>
</failure>
<system-out>
<![CDATA[
[[ATTACHMENT|test-results/ui-senior-Senior-Page-shou-e0b01-view-when-KB-button-clicked-chromium/test-failed-1.png]]

[[ATTACHMENT|test-results/ui-senior-Senior-Page-shou-e0b01-view-when-KB-button-clicked-chromium/video.webm]]

[[ATTACHMENT|test-results/ui-senior-Senior-Page-shou-e0b01-view-when-KB-button-clicked-chromium/error-context.md]]
]]>
</system-out>
</testcase>
<testcase name="Senior Page › should navigate between all views" classname="ui/senior.spec.ts" time="5.704">
<failure message="senior.spec.ts:43:7 should navigate between all views" type="FAILURE">
<![CDATA[  [chromium] › ui/senior.spec.ts:43:7 › Senior Page › should navigate between all views ────────────

    Error: expect(locator).toBeVisible() failed

    Locator: locator('input[placeholder*="FAQ"]')
    Expected: visible
    Timeout: 5000ms
    Error: element(s) not found

    Call log:
      - Expect "toBeVisible" with timeout 5000ms
      - waiting for locator('input[placeholder*="FAQ"]')


      49 |     await page.getByRole('button', { name: /FAQ/ }).click();
      50 |     await page.waitForResponse(resp => resp.url().includes('/api/senior/faq') && resp.request().method() === 'GET');
    > 51 |     await expect(page.locator('input[placeholder*="FAQ"]')).toBeVisible();
         |                                                             ^
      52 |
      53 |     // Switch to KB
      54 |     await page.getByRole('button', { name: 'KB' }).click();
        at /Users/yeongmi/dev/qa/my-atlas/qa/ui/senior.spec.ts:51:61

    attachment #1: screenshot (image/png) ──────────────────────────────────────────────────────────
    test-results/ui-senior-Senior-Page-should-navigate-between-all-views-chromium/test-failed-1.png
    ────────────────────────────────────────────────────────────────────────────────────────────────

    attachment #2: video (video/webm) ──────────────────────────────────────────────────────────────
    test-results/ui-senior-Senior-Page-should-navigate-between-all-views-chromium/video.webm
    ────────────────────────────────────────────────────────────────────────────────────────────────

    Error Context: test-results/ui-senior-Senior-Page-should-navigate-between-all-views-chromium/error-context.md
]]>
</failure>
<system-out>
<![CDATA[
[[ATTACHMENT|test-results/ui-senior-Senior-Page-should-navigate-between-all-views-chromium/test-failed-1.png]]

[[ATTACHMENT|test-results/ui-senior-Senior-Page-should-navigate-between-all-views-chromium/video.webm]]

[[ATTACHMENT|test-results/ui-senior-Senior-Page-should-navigate-between-all-views-chromium/error-context.md]]
]]>
</system-out>
</testcase>
<testcase name="Senior Page › should create a new FAQ and display it in the list" classname="ui/senior.spec.ts" time="10.766">
<failure message="senior.spec.ts:64:7 should create a new FAQ and display it in the list" type="FAILURE">
<![CDATA[  [chromium] › ui/senior.spec.ts:64:7 › Senior Page › should create a new FAQ and display it in the list 

    TimeoutError: locator.click: Timeout 10000ms exceeded.
    Call log:
      - waiting for getByRole('button', { name: /추가/ })


      69 |
      70 |     // Click "+ 추가" button
    > 71 |     await page.getByRole('button', { name: /추가/ }).click();
         |                                                    ^
      72 |
      73 |     // Fill in the form (target inputs inside the modal dialog)
      74 |     const modal = page.locator('.fixed.inset-0');
        at /Users/yeongmi/dev/qa/my-atlas/qa/ui/senior.spec.ts:71:52

    attachment #1: screenshot (image/png) ──────────────────────────────────────────────────────────
    test-results/ui-senior-Senior-Page-shou-28baa--and-display-it-in-the-list-chromium/test-failed-1.png
    ────────────────────────────────────────────────────────────────────────────────────────────────

    attachment #2: video (video/webm) ──────────────────────────────────────────────────────────────
    test-results/ui-senior-Senior-Page-shou-28baa--and-display-it-in-the-list-chromium/video.webm
    ────────────────────────────────────────────────────────────────────────────────────────────────

    Error Context: test-results/ui-senior-Senior-Page-shou-28baa--and-display-it-in-the-list-chromium/error-context.md
]]>
</failure>
<system-out>
<![CDATA[
[[ATTACHMENT|test-results/ui-senior-Senior-Page-shou-28baa--and-display-it-in-the-list-chromium/test-failed-1.png]]

[[ATTACHMENT|test-results/ui-senior-Senior-Page-shou-28baa--and-display-it-in-the-list-chromium/video.webm]]

[[ATTACHMENT|test-results/ui-senior-Senior-Page-shou-28baa--and-display-it-in-the-list-chromium/error-context.md]]
]]>
</system-out>
</testcase>
<testcase name="Senior Page › should delete a FAQ from the list" classname="ui/senior.spec.ts" time="10.816">
<failure message="senior.spec.ts:91:7 should delete a FAQ from the list" type="FAILURE">
<![CDATA[  [chromium] › ui/senior.spec.ts:91:7 › Senior Page › should delete a FAQ from the list ────────────

    TimeoutError: locator.click: Timeout 10000ms exceeded.
    Call log:
      - waiting for getByRole('button', { name: /추가/ })


       96 |
       97 |     // Create a FAQ first
    >  98 |     await page.getByRole('button', { name: /추가/ }).click();
          |                                                    ^
       99 |     const modal = page.locator('.fixed.inset-0');
      100 |     const title = `E2E Delete FAQ ${Date.now()}`;
      101 |     await modal.locator('input[type="text"]').first().fill(title);
        at /Users/yeongmi/dev/qa/my-atlas/qa/ui/senior.spec.ts:98:52

    attachment #1: screenshot (image/png) ──────────────────────────────────────────────────────────
    test-results/ui-senior-Senior-Page-should-delete-a-FAQ-from-the-list-chromium/test-failed-1.png
    ────────────────────────────────────────────────────────────────────────────────────────────────

    attachment #2: video (video/webm) ──────────────────────────────────────────────────────────────
    test-results/ui-senior-Senior-Page-should-delete-a-FAQ-from-the-list-chromium/video.webm
    ────────────────────────────────────────────────────────────────────────────────────────────────

    Error Context: test-results/ui-senior-Senior-Page-should-delete-a-FAQ-from-the-list-chromium/error-context.md
]]>
</failure>
<system-out>
<![CDATA[
[[ATTACHMENT|test-results/ui-senior-Senior-Page-should-delete-a-FAQ-from-the-list-chromium/test-failed-1.png]]

[[ATTACHMENT|test-results/ui-senior-Senior-Page-should-delete-a-FAQ-from-the-list-chromium/video.webm]]

[[ATTACHMENT|test-results/ui-senior-Senior-Page-should-delete-a-FAQ-from-the-list-chromium/error-context.md]]
]]>
</system-out>
</testcase>
<testcase name="Senior Page › should switch between KB Articles and Company Features sub-views" classname="ui/senior.spec.ts" time="10.772">
<failure message="senior.spec.ts:130:7 should switch between KB Articles and Company Features sub-views" type="FAILURE">
<![CDATA[  [chromium] › ui/senior.spec.ts:130:7 › Senior Page › should switch between KB Articles and Company Features sub-views 

    TimeoutError: locator.click: Timeout 10000ms exceeded.
    Call log:
      - waiting for getByRole('button', { name: 'KB' })


      129 |
      130 |   test('should switch between KB Articles and Company Features sub-views', async ({ page }) => {
    > 131 |     await page.getByRole('button', { name: 'KB' }).click();
          |                                                    ^
      132 |
      133 |     const kbArticlesBtn = page.getByRole('button', { name: 'KB Articles' });
      134 |     await expect(kbArticlesBtn).toHaveClass(/bg-indigo-100/);
        at /Users/yeongmi/dev/qa/my-atlas/qa/ui/senior.spec.ts:131:52

    attachment #1: screenshot (image/png) ──────────────────────────────────────────────────────────
    test-results/ui-senior-Senior-Page-shou-de9fb--Company-Features-sub-views-chromium/test-failed-1.png
    ────────────────────────────────────────────────────────────────────────────────────────────────

    attachment #2: video (video/webm) ──────────────────────────────────────────────────────────────
    test-results/ui-senior-Senior-Page-shou-de9fb--Company-Features-sub-views-chromium/video.webm
    ────────────────────────────────────────────────────────────────────────────────────────────────

    Error Context: test-results/ui-senior-Senior-Page-shou-de9fb--Company-Features-sub-views-chromium/error-context.md
]]>
</failure>
<system-out>
<![CDATA[
[[ATTACHMENT|test-results/ui-senior-Senior-Page-shou-de9fb--Company-Features-sub-views-chromium/test-failed-1.png]]

[[ATTACHMENT|test-results/ui-senior-Senior-Page-shou-de9fb--Company-Features-sub-views-chromium/video.webm]]

[[ATTACHMENT|test-results/ui-senior-Senior-Page-shou-de9fb--Company-Features-sub-views-chromium/error-context.md]]
]]>
</system-out>
</testcase>
</testsuite>
</testsuites>